Build started 19.04.2011 14:13:03.
     1>Project "D:\AIChess\Hackaround\Projects\Damnation\Damnation\Damnation\Damnation.vcxproj" on node 2 (build target(s)).
     1>PrepareForBuild:
         Creating directory "D:\AIChess\Hackaround\Projects\Damnation\Damnation\Debug\".
       InitializeBuildStatus:
         Creating "Debug\Damnation.unsuccessfulbuild" because "AlwaysCreate" was specified.
       ClCompile:
         D:\Program Files\Microsoft Visual Studio 10.0\VC\bin\CL.exe /c /ZI /nologo /W3 /WX- /Od /Oy- /D WIN32 /D _DEBUG /D _CONSOLE /D _UNICODE /D UNICODE /Gm /EHsc /RTC1 /MDd /GS /fp:precise /Zc:wchar_t /Zc:forScope /Yc"StdAfx.h" /Fp"Debug\Damnation.pch" /Fo"Debug\\" /Fd"Debug\vc100.pdb" /Gd /TP /analyze- /errorReport:prompt stdafx.cpp
         stdafx.cpp
         D:\Program Files\Microsoft Visual Studio 10.0\VC\bin\CL.exe /c /ZI /nologo /W3 /WX- /Od /Oy- /D WIN32 /D _DEBUG /D _CONSOLE /D _UNICODE /D UNICODE /Gm /EHsc /RTC1 /MDd /GS /fp:precise /Zc:wchar_t /Zc:forScope /Yu"StdAfx.h" /Fp"Debug\Damnation.pch" /Fo"Debug\\" /Fd"Debug\vc100.pdb" /Gd /TP /analyze- /errorReport:prompt Damnation.cpp
         Damnation.cpp
       ManifestResourceCompile:
         C:\Program Files\Microsoft SDKs\Windows\v7.0A\bin\rc.exe /nologo /fo"Debug\Damnation.exe.embed.manifest.res" Debug\Damnation_manifest.rc 
       Link:
         D:\Program Files\Microsoft Visual Studio 10.0\VC\bin\link.exe /ERRORREPORT:PROMPT /OUT:"D:\AIChess\Hackaround\Projects\Damnation\Damnation\Debug\Damnation.exe" /INCREMENTAL /NOLOGO kernel32.lib user32.lib gdi32.lib winspool.lib comdlg32.lib advapi32.lib shell32.lib ole32.lib oleaut32.lib uuid.lib odbc32.lib odbccp32.lib /MANIFEST /ManifestFile:"Debug\Damnation.exe.intermediate.manifest" /MANIFESTUAC:"level='asInvoker' uiAccess='false'" /DEBUG /PDB:"D:\AIChess\Hackaround\Projects\Damnation\Damnation\Debug\Damnation.pdb" /SUBSYSTEM:CONSOLE /TLBID:1 /DYNAMICBASE /NXCOMPAT /IMPLIB:"D:\AIChess\Hackaround\Projects\Damnation\Damnation\Debug\Damnation.lib" /MACHINE:X86 Debug\Damnation.exe.embed.manifest.res
         Debug\Damnation.obj
         Debug\stdafx.obj
       Manifest:
         C:\Program Files\Microsoft SDKs\Windows\v7.0A\bin\mt.exe /nologo /verbose /out:"Debug\Damnation.exe.embed.manifest" /manifest Debug\Damnation.exe.intermediate.manifest
         C:\Program Files\Microsoft SDKs\Windows\v7.0A\bin\rc.exe /nologo /fo"Debug\Damnation.exe.embed.manifest.res" Debug\Damnation_manifest.rc 
       LinkEmbedManifest:
         D:\Program Files\Microsoft Visual Studio 10.0\VC\bin\link.exe /ERRORREPORT:PROMPT /OUT:"D:\AIChess\Hackaround\Projects\Damnation\Damnation\Debug\Damnation.exe" /INCREMENTAL /NOLOGO kernel32.lib user32.lib gdi32.lib winspool.lib comdlg32.lib advapi32.lib shell32.lib ole32.lib oleaut32.lib uuid.lib odbc32.lib odbccp32.lib /MANIFEST /ManifestFile:"Debug\Damnation.exe.intermediate.manifest" /MANIFESTUAC:"level='asInvoker' uiAccess='false'" /DEBUG /PDB:"D:\AIChess\Hackaround\Projects\Damnation\Damnation\Debug\Damnation.pdb" /SUBSYSTEM:CONSOLE /TLBID:1 /DYNAMICBASE /NXCOMPAT /IMPLIB:"D:\AIChess\Hackaround\Projects\Damnation\Damnation\Debug\Damnation.lib" /MACHINE:X86 Debug\Damnation.exe.embed.manifest.res
         Debug\Damnation.obj
         Debug\stdafx.obj
         Damnation.vcxproj -> D:\AIChess\Hackaround\Projects\Damnation\Damnation\Debug\Damnation.exe
       FinalizeBuildStatus:
         Deleting file "Debug\Damnation.unsuccessfulbuild".
         Touching "Debug\Damnation.lastbuildstate".
     1>Done Building Project "D:\AIChess\Hackaround\Projects\Damnation\Damnation\Damnation\Damnation.vcxproj" (build target(s)).

Build succeeded.

Time Elapsed 00:00:05.38
